22-Jan-2023 03:14:27.709 INFO [main] org.apache.catalina.startup.VersionLoggerListener.log Server version name:   Apache Tomcat/8.5.85
22-Jan-2023 03:14:27.803 INFO [main] org.apache.catalina.startup.VersionLoggerListener.log Server built:          Jan 11 2023 00:09:15 UTC
22-Jan-2023 03:14:27.819 INFO [main] org.apache.catalina.startup.VersionLoggerListener.log Server version number: 8.5.85.0
22-Jan-2023 03:14:27.819 INFO [main] org.apache.catalina.startup.VersionLoggerListener.log OS Name:               Windows 10
22-Jan-2023 03:14:27.819 INFO [main] org.apache.catalina.startup.VersionLoggerListener.log OS Version:            10.0
22-Jan-2023 03:14:27.819 INFO [main] org.apache.catalina.startup.VersionLoggerListener.log Architecture:          amd64
22-Jan-2023 03:14:27.819 INFO [main] org.apache.catalina.startup.VersionLoggerListener.log Java Home:             C:\Program Files\Java\jdk1.8.0_202\jre
22-Jan-2023 03:14:27.819 INFO [main] org.apache.catalina.startup.VersionLoggerListener.log JVM Version:           1.8.0_202-b08
22-Jan-2023 03:14:27.819 INFO [main] org.apache.catalina.startup.VersionLoggerListener.log JVM Vendor:            Oracle Corporation
22-Jan-2023 03:14:27.819 INFO [main] org.apache.catalina.startup.VersionLoggerListener.log CATALINA_BASE:         C:\Users\USER\Downloads\apache-tomcat-8.5.85-windows-x64\apache-tomcat-8.5.85
22-Jan-2023 03:14:27.819 INFO [main] org.apache.catalina.startup.VersionLoggerListener.log CATALINA_HOME:         C:\Users\USER\Downloads\apache-tomcat-8.5.85-windows-x64\apache-tomcat-8.5.85
22-Jan-2023 03:14:27.819 INFO [main] org.apache.catalina.startup.VersionLoggerListener.log Command line argument: -Djava.util.logging.config.file=C:\Users\USER\Downloads\apache-tomcat-8.5.85-windows-x64\apache-tomcat-8.5.85\conf\logging.properties
22-Jan-2023 03:14:27.819 INFO [main] org.apache.catalina.startup.VersionLoggerListener.log Command line argument: -Djava.util.logging.manager=org.apache.juli.ClassLoaderLogManager
22-Jan-2023 03:14:27.819 INFO [main] org.apache.catalina.startup.VersionLoggerListener.log Command line argument: -Djdk.tls.ephemeralDHKeySize=2048
22-Jan-2023 03:14:27.819 INFO [main] org.apache.catalina.startup.VersionLoggerListener.log Command line argument: -Djava.protocol.handler.pkgs=org.apache.catalina.webresources
22-Jan-2023 03:14:27.819 INFO [main] org.apache.catalina.startup.VersionLoggerListener.log Command line argument: -Dignore.endorsed.dirs=
22-Jan-2023 03:14:27.819 INFO [main] org.apache.catalina.startup.VersionLoggerListener.log Command line argument: -Dcatalina.base=C:\Users\USER\Downloads\apache-tomcat-8.5.85-windows-x64\apache-tomcat-8.5.85
22-Jan-2023 03:14:27.819 INFO [main] org.apache.catalina.startup.VersionLoggerListener.log Command line argument: -Dcatalina.home=C:\Users\USER\Downloads\apache-tomcat-8.5.85-windows-x64\apache-tomcat-8.5.85
22-Jan-2023 03:14:27.819 INFO [main] org.apache.catalina.startup.VersionLoggerListener.log Command line argument: -Djava.io.tmpdir=C:\Users\USER\Downloads\apache-tomcat-8.5.85-windows-x64\apache-tomcat-8.5.85\temp
22-Jan-2023 03:14:27.819 INFO [main] org.apache.catalina.core.AprLifecycleListener.lifecycleEvent Loaded Apache Tomcat Native library [1.2.35] using APR version [1.7.0].
22-Jan-2023 03:14:27.819 INFO [main] org.apache.catalina.core.AprLifecycleListener.lifecycleEvent APR capabilities: IPv6 [true], sendfile [true], accept filters [false], random [true], UDS [{4}].
22-Jan-2023 03:14:27.819 INFO [main] org.apache.catalina.core.AprLifecycleListener.lifecycleEvent APR/OpenSSL configuration: useAprConnector [false], useOpenSSL [true]
22-Jan-2023 03:14:27.865 INFO [main] org.apache.catalina.core.AprLifecycleListener.initializeSSL OpenSSL successfully initialized [OpenSSL 1.1.1q  5 Jul 2022]
22-Jan-2023 03:14:28.084 INFO [main] org.apache.coyote.AbstractProtocol.init Initializing ProtocolHandler ["http-nio-8080"]
22-Jan-2023 03:14:28.115 INFO [main] org.apache.catalina.startup.Catalina.load Initialization processed in 826 ms
22-Jan-2023 03:14:28.162 INFO [main] org.apache.catalina.core.StandardService.startInternal Starting service [Catalina]
22-Jan-2023 03:14:28.162 INFO [main] org.apache.catalina.core.StandardEngine.startInternal Starting Servlet engine: [Apache Tomcat/8.5.85]
22-Jan-2023 03:14:28.194 INFO [localhost-startStop-1] org.apache.catalina.startup.HostConfig.deployDirectory Deploying web application directory [C:\Users\USER\Downloads\apache-tomcat-8.5.85-windows-x64\apache-tomcat-8.5.85\webapps\docs]
22-Jan-2023 03:14:28.678 WARNING [localhost-startStop-1] org.apache.catalina.util.SessionIdGeneratorBase.createSecureRandom Creation of SecureRandom instance for session ID generation using [SHA1PRNG] took [234] milliseconds.
22-Jan-2023 03:14:28.693 INFO [localhost-startStop-1] org.apache.catalina.startup.HostConfig.deployDirectory Deployment of web application directory [C:\Users\USER\Downloads\apache-tomcat-8.5.85-windows-x64\apache-tomcat-8.5.85\webapps\docs] has finished in [499] ms
22-Jan-2023 03:14:28.693 INFO [localhost-startStop-1] org.apache.catalina.startup.HostConfig.deployDirectory Deploying web application directory [C:\Users\USER\Downloads\apache-tomcat-8.5.85-windows-x64\apache-tomcat-8.5.85\webapps\examples]
22-Jan-2023 03:14:29.100 INFO [localhost-startStop-1] org.apache.catalina.startup.HostConfig.deployDirectory Deployment of web application directory [C:\Users\USER\Downloads\apache-tomcat-8.5.85-windows-x64\apache-tomcat-8.5.85\webapps\examples] has finished in [407] ms
22-Jan-2023 03:14:29.100 INFO [localhost-startStop-1] org.apache.catalina.startup.HostConfig.deployDirectory Deploying web application directory [C:\Users\USER\Downloads\apache-tomcat-8.5.85-windows-x64\apache-tomcat-8.5.85\webapps\host-manager]
22-Jan-2023 03:14:29.225 INFO [localhost-startStop-1] org.apache.catalina.startup.HostConfig.deployDirectory Deployment of web application directory [C:\Users\USER\Downloads\apache-tomcat-8.5.85-windows-x64\apache-tomcat-8.5.85\webapps\host-manager] has finished in [125] ms
22-Jan-2023 03:14:29.225 INFO [localhost-startStop-1] org.apache.catalina.startup.HostConfig.deployDirectory Deploying web application directory [C:\Users\USER\Downloads\apache-tomcat-8.5.85-windows-x64\apache-tomcat-8.5.85\webapps\manager]
22-Jan-2023 03:14:29.271 INFO [localhost-startStop-1] org.apache.catalina.startup.HostConfig.deployDirectory Deployment of web application directory [C:\Users\USER\Downloads\apache-tomcat-8.5.85-windows-x64\apache-tomcat-8.5.85\webapps\manager] has finished in [46] ms
22-Jan-2023 03:14:29.271 INFO [localhost-startStop-1] org.apache.catalina.startup.HostConfig.deployDirectory Deploying web application directory [C:\Users\USER\Downloads\apache-tomcat-8.5.85-windows-x64\apache-tomcat-8.5.85\webapps\ROOT]
22-Jan-2023 03:14:29.287 INFO [localhost-startStop-1] org.apache.catalina.startup.HostConfig.deployDirectory Deployment of web application directory [C:\Users\USER\Downloads\apache-tomcat-8.5.85-windows-x64\apache-tomcat-8.5.85\webapps\ROOT] has finished in [16] ms
22-Jan-2023 03:14:29.303 INFO [main] org.apache.coyote.AbstractProtocol.start Starting ProtocolHandler ["http-nio-8080"]
22-Jan-2023 03:14:29.381 INFO [main] org.apache.catalina.startup.Catalina.start Server startup in 1267 ms
22-Jan-2023 03:15:22.678 INFO [Thread-2] org.apache.coyote.AbstractProtocol.pause Pausing ProtocolHandler ["http-nio-8080"]
22-Jan-2023 03:15:22.772 INFO [Thread-2] org.apache.catalina.core.StandardService.stopInternal Stopping service [Catalina]
22-Jan-2023 03:15:22.800 INFO [Thread-2] org.apache.coyote.AbstractProtocol.stop Stopping ProtocolHandler ["http-nio-8080"]
22-Jan-2023 03:15:22.808 INFO [Thread-2] org.apache.coyote.AbstractProtocol.destroy Destroying ProtocolHandler ["http-nio-8080"]
22-Jan-2023 03:29:23.267 INFO [main] org.apache.catalina.startup.VersionLoggerListener.log Server version name:   Apache Tomcat/8.5.85
22-Jan-2023 03:29:23.267 INFO [main] org.apache.catalina.startup.VersionLoggerListener.log Server built:          Jan 11 2023 00:09:15 UTC
22-Jan-2023 03:29:23.267 INFO [main] org.apache.catalina.startup.VersionLoggerListener.log Server version number: 8.5.85.0
22-Jan-2023 03:29:23.267 INFO [main] org.apache.catalina.startup.VersionLoggerListener.log OS Name:               Windows 10
22-Jan-2023 03:29:23.267 INFO [main] org.apache.catalina.startup.VersionLoggerListener.log OS Version:            10.0
22-Jan-2023 03:29:23.267 INFO [main] org.apache.catalina.startup.VersionLoggerListener.log Architecture:          amd64
22-Jan-2023 03:29:23.267 INFO [main] org.apache.catalina.startup.VersionLoggerListener.log Java Home:             C:\Program Files\Java\jdk1.8.0_202\jre
22-Jan-2023 03:29:23.267 INFO [main] org.apache.catalina.startup.VersionLoggerListener.log JVM Version:           1.8.0_202-b08
22-Jan-2023 03:29:23.267 INFO [main] org.apache.catalina.startup.VersionLoggerListener.log JVM Vendor:            Oracle Corporation
22-Jan-2023 03:29:23.267 INFO [main] org.apache.catalina.startup.VersionLoggerListener.log CATALINA_BASE:         C:\Users\USER\Downloads\apache-tomcat-8.5.85-windows-x64\apache-tomcat-8.5.85
22-Jan-2023 03:29:23.267 INFO [main] org.apache.catalina.startup.VersionLoggerListener.log CATALINA_HOME:         C:\Users\USER\Downloads\apache-tomcat-8.5.85-windows-x64\apache-tomcat-8.5.85
22-Jan-2023 03:29:23.267 INFO [main] org.apache.catalina.startup.VersionLoggerListener.log Command line argument: -Djava.util.logging.config.file=C:\Users\USER\Downloads\apache-tomcat-8.5.85-windows-x64\apache-tomcat-8.5.85\conf\logging.properties
22-Jan-2023 03:29:23.267 INFO [main] org.apache.catalina.startup.VersionLoggerListener.log Command line argument: -Djava.util.logging.manager=org.apache.juli.ClassLoaderLogManager
22-Jan-2023 03:29:23.267 INFO [main] org.apache.catalina.startup.VersionLoggerListener.log Command line argument: -Djdk.tls.ephemeralDHKeySize=2048
22-Jan-2023 03:29:23.267 INFO [main] org.apache.catalina.startup.VersionLoggerListener.log Command line argument: -Djava.protocol.handler.pkgs=org.apache.catalina.webresources
22-Jan-2023 03:29:23.267 INFO [main] org.apache.catalina.startup.VersionLoggerListener.log Command line argument: -Dignore.endorsed.dirs=
22-Jan-2023 03:29:23.267 INFO [main] org.apache.catalina.startup.VersionLoggerListener.log Command line argument: -Dcatalina.base=C:\Users\USER\Downloads\apache-tomcat-8.5.85-windows-x64\apache-tomcat-8.5.85
22-Jan-2023 03:29:23.267 INFO [main] org.apache.catalina.startup.VersionLoggerListener.log Command line argument: -Dcatalina.home=C:\Users\USER\Downloads\apache-tomcat-8.5.85-windows-x64\apache-tomcat-8.5.85
22-Jan-2023 03:29:23.267 INFO [main] org.apache.catalina.startup.VersionLoggerListener.log Command line argument: -Djava.io.tmpdir=C:\Users\USER\Downloads\apache-tomcat-8.5.85-windows-x64\apache-tomcat-8.5.85\temp
22-Jan-2023 03:29:23.267 INFO [main] org.apache.catalina.core.AprLifecycleListener.lifecycleEvent Loaded Apache Tomcat Native library [1.2.35] using APR version [1.7.0].
22-Jan-2023 03:29:23.267 INFO [main] org.apache.catalina.core.AprLifecycleListener.lifecycleEvent APR capabilities: IPv6 [true], sendfile [true], accept filters [false], random [true], UDS [{4}].
22-Jan-2023 03:29:23.267 INFO [main] org.apache.catalina.core.AprLifecycleListener.lifecycleEvent APR/OpenSSL configuration: useAprConnector [false], useOpenSSL [true]
22-Jan-2023 03:29:23.283 INFO [main] org.apache.catalina.core.AprLifecycleListener.initializeSSL OpenSSL successfully initialized [OpenSSL 1.1.1q  5 Jul 2022]
22-Jan-2023 03:29:23.408 INFO [main] org.apache.coyote.AbstractProtocol.init Initializing ProtocolHandler ["http-nio-8081"]
22-Jan-2023 03:29:23.439 INFO [main] org.apache.catalina.startup.Catalina.load Initialization processed in 578 ms
22-Jan-2023 03:29:23.470 INFO [main] org.apache.catalina.core.StandardService.startInternal Starting service [Catalina]
22-Jan-2023 03:29:23.470 INFO [main] org.apache.catalina.core.StandardEngine.startInternal Starting Servlet engine: [Apache Tomcat/8.5.85]
22-Jan-2023 03:29:23.486 INFO [localhost-startStop-1] org.apache.catalina.startup.HostConfig.deployDirectory Deploying web application directory [C:\Users\USER\Downloads\apache-tomcat-8.5.85-windows-x64\apache-tomcat-8.5.85\webapps\docs]
22-Jan-2023 03:29:23.829 WARNING [localhost-startStop-1] org.apache.catalina.util.SessionIdGeneratorBase.createSecureRandom Creation of SecureRandom instance for session ID generation using [SHA1PRNG] took [125] milliseconds.
22-Jan-2023 03:29:23.845 INFO [localhost-startStop-1] org.apache.catalina.startup.HostConfig.deployDirectory Deployment of web application directory [C:\Users\USER\Downloads\apache-tomcat-8.5.85-windows-x64\apache-tomcat-8.5.85\webapps\docs] has finished in [359] ms
22-Jan-2023 03:29:23.845 INFO [localhost-startStop-1] org.apache.catalina.startup.HostConfig.deployDirectory Deploying web application directory [C:\Users\USER\Downloads\apache-tomcat-8.5.85-windows-x64\apache-tomcat-8.5.85\webapps\examples]
22-Jan-2023 03:29:24.158 INFO [localhost-startStop-1] org.apache.catalina.startup.HostConfig.deployDirectory Deployment of web application directory [C:\Users\USER\Downloads\apache-tomcat-8.5.85-windows-x64\apache-tomcat-8.5.85\webapps\examples] has finished in [313] ms
22-Jan-2023 03:29:24.158 INFO [localhost-startStop-1] org.apache.catalina.startup.HostConfig.deployDirectory Deploying web application directory [C:\Users\USER\Downloads\apache-tomcat-8.5.85-windows-x64\apache-tomcat-8.5.85\webapps\host-manager]
22-Jan-2023 03:29:24.189 INFO [localhost-startStop-1] org.apache.catalina.startup.HostConfig.deployDirectory Deployment of web application directory [C:\Users\USER\Downloads\apache-tomcat-8.5.85-windows-x64\apache-tomcat-8.5.85\webapps\host-manager] has finished in [31] ms
22-Jan-2023 03:29:24.189 INFO [localhost-startStop-1] org.apache.catalina.startup.HostConfig.deployDirectory Deploying web application directory [C:\Users\USER\Downloads\apache-tomcat-8.5.85-windows-x64\apache-tomcat-8.5.85\webapps\manager]
22-Jan-2023 03:29:24.220 INFO [localhost-startStop-1] org.apache.catalina.startup.HostConfig.deployDirectory Deployment of web application directory [C:\Users\USER\Downloads\apache-tomcat-8.5.85-windows-x64\apache-tomcat-8.5.85\webapps\manager] has finished in [31] ms
22-Jan-2023 03:29:24.220 INFO [localhost-startStop-1] org.apache.catalina.startup.HostConfig.deployDirectory Deploying web application directory [C:\Users\USER\Downloads\apache-tomcat-8.5.85-windows-x64\apache-tomcat-8.5.85\webapps\ROOT]
22-Jan-2023 03:29:24.251 INFO [localhost-startStop-1] org.apache.catalina.startup.HostConfig.deployDirectory Deployment of web application directory [C:\Users\USER\Downloads\apache-tomcat-8.5.85-windows-x64\apache-tomcat-8.5.85\webapps\ROOT] has finished in [31] ms
22-Jan-2023 03:29:24.251 INFO [main] org.apache.coyote.AbstractProtocol.start Starting ProtocolHandler ["http-nio-8081"]
22-Jan-2023 03:29:24.314 INFO [main] org.apache.catalina.startup.Catalina.start Server startup in 880 ms
